This file contains any messages produced by compilers while
running configure, to aid debugging if configure makes a mistake.

It was created by adna configure 2, which was
generated by GNU Autoconf 2.69.  Invocation command line was

  $ ./configure 

## --------- ##
## Platform. ##
## --------- ##

hostname = dragon
uname -m = x86_64
uname -r = 4.8.0-37-generic
uname -s = Linux
uname -v = #39-Ubuntu SMP Thu Jan 26 02:27:07 UTC 2017

/usr/bin/uname -p = unknown
/bin/uname -X     = unknown

/bin/arch              = unknown
/usr/bin/arch -k       = unknown
/usr/convex/getsysinfo = unknown
/usr/bin/hostinfo      = unknown
/bin/machine           = unknown
/usr/bin/oslevel       = unknown
/bin/universe          = unknown

PATH: /home/jstaehle/bin
PATH: /home/jstaehle/.local/bin
PATH: /usr/local/sbin
PATH: /usr/local/bin
PATH: /usr/sbin
PATH: /usr/bin
PATH: /sbin
PATH: /bin
PATH: /usr/games
PATH: /usr/local/games
PATH: /snap/bin


## ----------- ##
## Core tests. ##
## ----------- ##

configure:2264: checking for g++
configure:2280: found /usr/bin/g++
configure:2291: result: g++
configure:2318: checking for C++ compiler version
configure:2327: g++ --version >&5
g++ (Ubuntu 6.2.0-5ubuntu12) 6.2.0 20161005
Copyright (C) 2016 Free Software Foundation, Inc.
This is free software; see the source for copying conditions.  There is NO
warranty; not even for MERCHANTABILITY or FITNESS FOR A PARTICULAR PURPOSE.

configure:2338: $? = 0
configure:2327: g++ -v >&5
Using built-in specs.
COLLECT_GCC=g++
COLLECT_LTO_WRAPPER=/usr/lib/gcc/x86_64-linux-gnu/6/lto-wrapper
Target: x86_64-linux-gnu
Configured with: ../src/configure -v --with-pkgversion='Ubuntu 6.2.0-5ubuntu12' --with-bugurl=file:///usr/share/doc/gcc-6/README.Bugs --enable-languages=c,ada,c++,java,go,d,fortran,objc,obj-c++ --prefix=/usr --program-suffix=-6 --program-prefix=x86_64-linux-gnu- --enable-shared --enable-linker-build-id --libexecdir=/usr/lib --without-included-gettext --enable-threads=posix --libdir=/usr/lib --enable-nls --with-sysroot=/ --enable-clocale=gnu --enable-libstdcxx-debug --enable-libstdcxx-time=yes --with-default-libstdcxx-abi=new --enable-gnu-unique-object --disable-vtable-verify --enable-libmpx --enable-plugin --enable-default-pie --with-system-zlib --disable-browser-plugin --enable-java-awt=gtk --enable-gtk-cairo --with-java-home=/usr/lib/jvm/java-1.5.0-gcj-6-amd64/jre --enable-java-home --with-jvm-root-dir=/usr/lib/jvm/java-1.5.0-gcj-6-amd64 --with-jvm-jar-dir=/usr/lib/jvm-exports/java-1.5.0-gcj-6-amd64 --with-arch-directory=amd64 --with-ecj-jar=/usr/share/java/eclipse-ecj.jar --enable-objc-gc --enable-multiarch --disable-werror --with-arch-32=i686 --with-abi=m64 --with-multilib-list=m32,m64,mx32 --enable-multilib --with-tune=generic --enable-checking=release --build=x86_64-linux-gnu --host=x86_64-linux-gnu --target=x86_64-linux-gnu
Thread model: posix
gcc version 6.2.0 20161005 (Ubuntu 6.2.0-5ubuntu12) 
configure:2338: $? = 0
configure:2327: g++ -V >&5
g++: error: unrecognized command line option '-V'
g++: fatal error: no input files
compilation terminated.
configure:2338: $? = 1
configure:2327: g++ -qversion >&5
g++: error: unrecognized command line option '-qversion'; did you mean '--version'?
g++: fatal error: no input files
compilation terminated.
configure:2338: $? = 1
configure:2358: checking whether the C++ compiler works
configure:2380: g++    conftest.cpp  >&5
configure:2384: $? = 0
configure:2432: result: yes
configure:2435: checking for C++ compiler default output file name
configure:2437: result: a.out
configure:2443: checking for suffix of executables
configure:2450: g++ -o conftest    conftest.cpp  >&5
configure:2454: $? = 0
configure:2476: result: 
configure:2498: checking whether we are cross compiling
configure:2506: g++ -o conftest    conftest.cpp  >&5
configure:2510: $? = 0
configure:2517: ./conftest
configure:2521: $? = 0
configure:2536: result: no
configure:2541: checking for suffix of object files
configure:2563: g++ -c   conftest.cpp >&5
configure:2567: $? = 0
configure:2588: result: o
configure:2592: checking whether we are using the GNU C++ compiler
configure:2611: g++ -c   conftest.cpp >&5
configure:2611: $? = 0
configure:2620: result: yes
configure:2629: checking whether g++ accepts -g
configure:2649: g++ -c -g  conftest.cpp >&5
configure:2649: $? = 0
configure:2690: result: yes
configure:2761: checking for gcc
configure:2777: found /usr/bin/gcc
configure:2788: result: gcc
configure:3017: checking for C compiler version
configure:3026: gcc --version >&5
gcc (Ubuntu 6.2.0-5ubuntu12) 6.2.0 20161005
Copyright (C) 2016 Free Software Foundation, Inc.
This is free software; see the source for copying conditions.  There is NO
warranty; not even for MERCHANTABILITY or FITNESS FOR A PARTICULAR PURPOSE.

configure:3037: $? = 0
configure:3026: gcc -v >&5
Using built-in specs.
COLLECT_GCC=gcc
COLLECT_LTO_WRAPPER=/usr/lib/gcc/x86_64-linux-gnu/6/lto-wrapper
Target: x86_64-linux-gnu
Configured with: ../src/configure -v --with-pkgversion='Ubuntu 6.2.0-5ubuntu12' --with-bugurl=file:///usr/share/doc/gcc-6/README.Bugs --enable-languages=c,ada,c++,java,go,d,fortran,objc,obj-c++ --prefix=/usr --program-suffix=-6 --program-prefix=x86_64-linux-gnu- --enable-shared --enable-linker-build-id --libexecdir=/usr/lib --without-included-gettext --enable-threads=posix --libdir=/usr/lib --enable-nls --with-sysroot=/ --enable-clocale=gnu --enable-libstdcxx-debug --enable-libstdcxx-time=yes --with-default-libstdcxx-abi=new --enable-gnu-unique-object --disable-vtable-verify --enable-libmpx --enable-plugin --enable-default-pie --with-system-zlib --disable-browser-plugin --enable-java-awt=gtk --enable-gtk-cairo --with-java-home=/usr/lib/jvm/java-1.5.0-gcj-6-amd64/jre --enable-java-home --with-jvm-root-dir=/usr/lib/jvm/java-1.5.0-gcj-6-amd64 --with-jvm-jar-dir=/usr/lib/jvm-exports/java-1.5.0-gcj-6-amd64 --with-arch-directory=amd64 --with-ecj-jar=/usr/share/java/eclipse-ecj.jar --enable-objc-gc --enable-multiarch --disable-werror --with-arch-32=i686 --with-abi=m64 --with-multilib-list=m32,m64,mx32 --enable-multilib --with-tune=generic --enable-checking=release --build=x86_64-linux-gnu --host=x86_64-linux-gnu --target=x86_64-linux-gnu
Thread model: posix
gcc version 6.2.0 20161005 (Ubuntu 6.2.0-5ubuntu12) 
configure:3037: $? = 0
configure:3026: gcc -V >&5
gcc: error: unrecognized command line option '-V'
gcc: fatal error: no input files
compilation terminated.
configure:3037: $? = 1
configure:3026: gcc -qversion >&5
gcc: error: unrecognized command line option '-qversion'; did you mean '--version'?
gcc: fatal error: no input files
compilation terminated.
configure:3037: $? = 1
configure:3041: checking whether we are using the GNU C compiler
configure:3060: gcc -c   conftest.c >&5
configure:3060: $? = 0
configure:3069: result: yes
configure:3078: checking whether gcc accepts -g
configure:3098: gcc -c -g  conftest.c >&5
configure:3098: $? = 0
configure:3139: result: yes
configure:3156: checking for gcc option to accept ISO C89
configure:3219: gcc  -c -g -O2  conftest.c >&5
configure:3219: $? = 0
configure:3232: result: none needed
configure:3262: checking how to run the C preprocessor
configure:3293: gcc -E  conftest.c
configure:3293: $? = 0
configure:3307: gcc -E  conftest.c
conftest.c:9:28: fatal error: ac_nonexistent.h: No such file or directory
 #include <ac_nonexistent.h>
                            ^
compilation terminated.
configure:3307: $? = 1
configure: failed program was:
| /* confdefs.h */
| #define PACKAGE_NAME "adna"
| #define PACKAGE_TARNAME "adna"
| #define PACKAGE_VERSION "2"
| #define PACKAGE_STRING "adna 2"
| #define PACKAGE_BUGREPORT "jake@no.com"
| #define PACKAGE_URL ""
| /* end confdefs.h.  */
| #include <ac_nonexistent.h>
configure:3332: result: gcc -E
configure:3352: gcc -E  conftest.c
configure:3352: $? = 0
configure:3366: gcc -E  conftest.c
conftest.c:9:28: fatal error: ac_nonexistent.h: No such file or directory
 #include <ac_nonexistent.h>
                            ^
compilation terminated.
configure:3366: $? = 1
configure: failed program was:
| /* confdefs.h */
| #define PACKAGE_NAME "adna"
| #define PACKAGE_TARNAME "adna"
| #define PACKAGE_VERSION "2"
| #define PACKAGE_STRING "adna 2"
| #define PACKAGE_BUGREPORT "jake@no.com"
| #define PACKAGE_URL ""
| /* end confdefs.h.  */
| #include <ac_nonexistent.h>
configure:3395: checking for grep that handles long lines and -e
configure:3453: result: /bin/grep
configure:3458: checking for egrep
configure:3520: result: /bin/grep -E
configure:3525: checking for ANSI C header files
configure:3545: gcc -c -g -O2  conftest.c >&5
configure:3545: $? = 0
configure:3618: gcc -o conftest -g -O2   conftest.c  >&5
configure:3618: $? = 0
configure:3618: ./conftest
configure:3618: $? = 0
configure:3629: result: yes
configure:3642: checking for sys/types.h
configure:3642: gcc -c -g -O2  conftest.c >&5
configure:3642: $? = 0
configure:3642: result: yes
configure:3642: checking for sys/stat.h
configure:3642: gcc -c -g -O2  conftest.c >&5
configure:3642: $? = 0
configure:3642: result: yes
configure:3642: checking for stdlib.h
configure:3642: gcc -c -g -O2  conftest.c >&5
configure:3642: $? = 0
configure:3642: result: yes
configure:3642: checking for string.h
configure:3642: gcc -c -g -O2  conftest.c >&5
configure:3642: $? = 0
configure:3642: result: yes
configure:3642: checking for memory.h
configure:3642: gcc -c -g -O2  conftest.c >&5
configure:3642: $? = 0
configure:3642: result: yes
configure:3642: checking for strings.h
configure:3642: gcc -c -g -O2  conftest.c >&5
configure:3642: $? = 0
configure:3642: result: yes
configure:3642: checking for inttypes.h
configure:3642: gcc -c -g -O2  conftest.c >&5
configure:3642: $? = 0
configure:3642: result: yes
configure:3642: checking for stdint.h
configure:3642: gcc -c -g -O2  conftest.c >&5
configure:3642: $? = 0
configure:3642: result: yes
configure:3642: checking for unistd.h
configure:3642: gcc -c -g -O2  conftest.c >&5
configure:3642: $? = 0
configure:3642: result: yes
configure:3657: checking fcntl.h usability
configure:3657: gcc -c -g -O2  conftest.c >&5
configure:3657: $? = 0
configure:3657: result: yes
configure:3657: checking fcntl.h presence
configure:3657: gcc -E  conftest.c
configure:3657: $? = 0
configure:3657: result: yes
configure:3657: checking for fcntl.h
configure:3657: result: yes
configure:3657: checking for stdlib.h
configure:3657: result: yes
configure:3657: checking for unistd.h
configure:3657: result: yes
configure:3669: checking for pid_t
configure:3669: gcc -c -g -O2  conftest.c >&5
configure:3669: $? = 0
configure:3669: gcc -c -g -O2  conftest.c >&5
conftest.c: In function 'main':
conftest.c:58:20: error: expected expression before ')' token
 if (sizeof ((pid_t)))
                    ^
configure:3669: $? = 1
configure: failed program was:
| /* confdefs.h */
| #define PACKAGE_NAME "adna"
| #define PACKAGE_TARNAME "adna"
| #define PACKAGE_VERSION "2"
| #define PACKAGE_STRING "adna 2"
| #define PACKAGE_BUGREPORT "jake@no.com"
| #define PACKAGE_URL ""
| #define STDC_HEADERS 1
| #define HAVE_SYS_TYPES_H 1
| #define HAVE_SYS_STAT_H 1
| #define HAVE_STDLIB_H 1
| #define HAVE_STRING_H 1
| #define HAVE_MEMORY_H 1
| #define HAVE_STRINGS_H 1
| #define HAVE_INTTYPES_H 1
| #define HAVE_STDINT_H 1
| #define HAVE_UNISTD_H 1
| #define HAVE_FCNTL_H 1
| #define HAVE_STDLIB_H 1
| #define HAVE_UNISTD_H 1
| /* end confdefs.h.  */
| #include <stdio.h>
| #ifdef HAVE_SYS_TYPES_H
| # include <sys/types.h>
| #endif
| #ifdef HAVE_SYS_STAT_H
| # include <sys/stat.h>
| #endif
| #ifdef STDC_HEADERS
| # include <stdlib.h>
| # include <stddef.h>
| #else
| # ifdef HAVE_STDLIB_H
| #  include <stdlib.h>
| # endif
| #endif
| #ifdef HAVE_STRING_H
| # if !defined STDC_HEADERS && defined HAVE_MEMORY_H
| #  include <memory.h>
| # endif
| # include <string.h>
| #endif
| #ifdef HAVE_STRINGS_H
| # include <strings.h>
| #endif
| #ifdef HAVE_INTTYPES_H
| # include <inttypes.h>
| #endif
| #ifdef HAVE_STDINT_H
| # include <stdint.h>
| #endif
| #ifdef HAVE_UNISTD_H
| # include <unistd.h>
| #endif
| int
| main ()
| {
| if (sizeof ((pid_t)))
| 	    return 0;
|   ;
|   return 0;
| }
configure:3669: result: yes
configure:3680: checking for size_t
configure:3680: gcc -c -g -O2  conftest.c >&5
configure:3680: $? = 0
configure:3680: gcc -c -g -O2  conftest.c >&5
conftest.c: In function 'main':
conftest.c:58:21: error: expected expression before ')' token
 if (sizeof ((size_t)))
                     ^
configure:3680: $? = 1
configure: failed program was:
| /* confdefs.h */
| #define PACKAGE_NAME "adna"
| #define PACKAGE_TARNAME "adna"
| #define PACKAGE_VERSION "2"
| #define PACKAGE_STRING "adna 2"
| #define PACKAGE_BUGREPORT "jake@no.com"
| #define PACKAGE_URL ""
| #define STDC_HEADERS 1
| #define HAVE_SYS_TYPES_H 1
| #define HAVE_SYS_STAT_H 1
| #define HAVE_STDLIB_H 1
| #define HAVE_STRING_H 1
| #define HAVE_MEMORY_H 1
| #define HAVE_STRINGS_H 1
| #define HAVE_INTTYPES_H 1
| #define HAVE_STDINT_H 1
| #define HAVE_UNISTD_H 1
| #define HAVE_FCNTL_H 1
| #define HAVE_STDLIB_H 1
| #define HAVE_UNISTD_H 1
| /* end confdefs.h.  */
| #include <stdio.h>
| #ifdef HAVE_SYS_TYPES_H
| # include <sys/types.h>
| #endif
| #ifdef HAVE_SYS_STAT_H
| # include <sys/stat.h>
| #endif
| #ifdef STDC_HEADERS
| # include <stdlib.h>
| # include <stddef.h>
| #else
| # ifdef HAVE_STDLIB_H
| #  include <stdlib.h>
| # endif
| #endif
| #ifdef HAVE_STRING_H
| # if !defined STDC_HEADERS && defined HAVE_MEMORY_H
| #  include <memory.h>
| # endif
| # include <string.h>
| #endif
| #ifdef HAVE_STRINGS_H
| # include <strings.h>
| #endif
| #ifdef HAVE_INTTYPES_H
| # include <inttypes.h>
| #endif
| #ifdef HAVE_STDINT_H
| # include <stdint.h>
| #endif
| #ifdef HAVE_UNISTD_H
| # include <unistd.h>
| #endif
| int
| main ()
| {
| if (sizeof ((size_t)))
| 	    return 0;
|   ;
|   return 0;
| }
configure:3680: result: yes
configure:3699: checking for stdlib.h
configure:3699: result: yes
configure:3699: checking for unistd.h
configure:3699: result: yes
configure:3699: checking for sys/param.h
configure:3699: gcc -c -g -O2  conftest.c >&5
configure:3699: $? = 0
configure:3699: result: yes
configure:3719: checking for getpagesize
configure:3719: gcc -o conftest -g -O2   conftest.c  >&5
configure:3719: $? = 0
configure:3719: result: yes
configure:3728: checking for working mmap
configure:3875: gcc -o conftest -g -O2   conftest.c  >&5
configure:3875: $? = 0
configure:3875: ./conftest
configure:3875: $? = 0
configure:3885: result: yes
configure:3897: checking for ftruncate
configure:3897: gcc -o conftest -g -O2   conftest.c  >&5
configure:3897: $? = 0
configure:3897: result: yes
configure:3897: checking for getcwd
configure:3897: gcc -o conftest -g -O2   conftest.c  >&5
configure:3897: $? = 0
configure:3897: result: yes
configure:3897: checking for realpath
configure:3897: gcc -o conftest -g -O2   conftest.c  >&5
configure:3897: $? = 0
configure:3897: result: yes
configure:4023: creating ./config.status

## ---------------------- ##
## Running config.status. ##
## ---------------------- ##

This file was extended by adna config.status 2, which was
generated by GNU Autoconf 2.69.  Invocation command line was

  CONFIG_FILES    = 
  CONFIG_HEADERS  = 
  CONFIG_LINKS    = 
  CONFIG_COMMANDS = 
  $ ./config.status 

on dragon

config.status:812: creating Makefile
config.status:812: creating config.h
config.status:982: config.h is unchanged

## ---------------- ##
## Cache variables. ##
## ---------------- ##

ac_cv_c_compiler_gnu=yes
ac_cv_cxx_compiler_gnu=yes
ac_cv_env_CCC_set=
ac_cv_env_CCC_value=
ac_cv_env_CC_set=
ac_cv_env_CC_value=
ac_cv_env_CFLAGS_set=
ac_cv_env_CFLAGS_value=
ac_cv_env_CPPFLAGS_set=
ac_cv_env_CPPFLAGS_value=
ac_cv_env_CPP_set=
ac_cv_env_CPP_value=
ac_cv_env_CXXFLAGS_set=
ac_cv_env_CXXFLAGS_value=
ac_cv_env_CXX_set=
ac_cv_env_CXX_value=
ac_cv_env_LDFLAGS_set=
ac_cv_env_LDFLAGS_value=
ac_cv_env_LIBS_set=
ac_cv_env_LIBS_value=
ac_cv_env_build_alias_set=
ac_cv_env_build_alias_value=
ac_cv_env_host_alias_set=
ac_cv_env_host_alias_value=
ac_cv_env_target_alias_set=
ac_cv_env_target_alias_value=
ac_cv_func_ftruncate=yes
ac_cv_func_getcwd=yes
ac_cv_func_getpagesize=yes
ac_cv_func_mmap_fixed_mapped=yes
ac_cv_func_realpath=yes
ac_cv_header_fcntl_h=yes
ac_cv_header_inttypes_h=yes
ac_cv_header_memory_h=yes
ac_cv_header_stdc=yes
ac_cv_header_stdint_h=yes
ac_cv_header_stdlib_h=yes
ac_cv_header_string_h=yes
ac_cv_header_strings_h=yes
ac_cv_header_sys_param_h=yes
ac_cv_header_sys_stat_h=yes
ac_cv_header_sys_types_h=yes
ac_cv_header_unistd_h=yes
ac_cv_objext=o
ac_cv_path_EGREP='/bin/grep -E'
ac_cv_path_GREP=/bin/grep
ac_cv_prog_CPP='gcc -E'
ac_cv_prog_ac_ct_CC=gcc
ac_cv_prog_ac_ct_CXX=g++
ac_cv_prog_cc_c89=
ac_cv_prog_cc_g=yes
ac_cv_prog_cxx_g=yes
ac_cv_type_pid_t=yes
ac_cv_type_size_t=yes

## ----------------- ##
## Output variables. ##
## ----------------- ##

CC='gcc'
CFLAGS='-g -O2'
CPP='gcc -E'
CPPFLAGS=''
CXX='g++'
CXXFLAGS='-g -O2'
DEFS='-DHAVE_CONFIG_H'
ECHO_C=''
ECHO_N='-n'
ECHO_T=''
EGREP='/bin/grep -E'
EXEEXT=''
GREP='/bin/grep'
LDFLAGS=''
LIBOBJS=''
LIBS=''
LTLIBOBJS=''
OBJEXT='o'
PACKAGE_BUGREPORT='jake@no.com'
PACKAGE_NAME='adna'
PACKAGE_STRING='adna 2'
PACKAGE_TARNAME='adna'
PACKAGE_URL=''
PACKAGE_VERSION='2'
PATH_SEPARATOR=':'
SHELL='/bin/bash'
ac_ct_CC='gcc'
ac_ct_CXX='g++'
bindir='${exec_prefix}/bin'
build_alias=''
datadir='${datarootdir}'
datarootdir='${prefix}/share'
docdir='${datarootdir}/doc/${PACKAGE_TARNAME}'
dvidir='${docdir}'
exec_prefix='${prefix}'
host_alias=''
htmldir='${docdir}'
includedir='${prefix}/include'
infodir='${datarootdir}/info'
libdir='${exec_prefix}/lib'
libexecdir='${exec_prefix}/libexec'
localedir='${datarootdir}/locale'
localstatedir='${prefix}/var'
mandir='${datarootdir}/man'
oldincludedir='/usr/include'
pdfdir='${docdir}'
prefix='/usr/local'
program_transform_name='s,x,x,'
psdir='${docdir}'
runstatedir='${localstatedir}/run'
sbindir='${exec_prefix}/sbin'
sharedstatedir='${prefix}/com'
sysconfdir='${prefix}/etc'
target_alias=''

## ----------- ##
## confdefs.h. ##
## ----------- ##

/* confdefs.h */
#define PACKAGE_NAME "adna"
#define PACKAGE_TARNAME "adna"
#define PACKAGE_VERSION "2"
#define PACKAGE_STRING "adna 2"
#define PACKAGE_BUGREPORT "jake@no.com"
#define PACKAGE_URL ""
#define STDC_HEADERS 1
#define HAVE_SYS_TYPES_H 1
#define HAVE_SYS_STAT_H 1
#define HAVE_STDLIB_H 1
#define HAVE_STRING_H 1
#define HAVE_MEMORY_H 1
#define HAVE_STRINGS_H 1
#define HAVE_INTTYPES_H 1
#define HAVE_STDINT_H 1
#define HAVE_UNISTD_H 1
#define HAVE_FCNTL_H 1
#define HAVE_STDLIB_H 1
#define HAVE_UNISTD_H 1
#define HAVE_STDLIB_H 1
#define HAVE_UNISTD_H 1
#define HAVE_SYS_PARAM_H 1
#define HAVE_GETPAGESIZE 1
#define HAVE_MMAP 1
#define HAVE_FTRUNCATE 1
#define HAVE_GETCWD 1
#define HAVE_REALPATH 1

configure: exit 0
